<?xml version="1.0" encoding="UTF-8"?>
<!-- Generated by org.testng.reporters.JUnitXMLReporter -->
<testsuite ignored="0" hostname="DESKTOP-9NAQJ43" failures="2" tests="15" name="IdentifyCourses" time="124.746" errors="0" timestamp="2020-10-26T18:01:57 IST">
  <testcase classname="tests.TS_BrowserCompatbility" name="BrowserTestChrome" time="19.133"/>
  <testcase classname="tests.TS_BrowserCompatbility" name="BrowserTestChrome" time="19.144">
    <failure type="org.openqa.selenium.NoSuchSessionException" message="Session ID is null. Using WebDriver after calling quit()?
Build info: version: &amp;apos;3.141.59&amp;apos;, revision: &amp;apos;e82be7d358&amp;apos;, time: &amp;apos;2018-11-14T08:17:03&amp;apos;
System info: host: &amp;apos;DESKTOP-9NAQJ43&amp;apos;, ip: &amp;apos;192.168.1.100&amp;apos;, os.name: &amp;apos;Windows 10&amp;apos;, os.arch: &amp;apos;amd64&amp;apos;, os.version: &amp;apos;10.0&amp;apos;, java.version: &amp;apos;11.0.8&amp;apos;
Driver info: driver.version: RemoteWebDriver">
      <![CDATA[org.openqa.selenium.NoSuchSessionException: Session ID is null. Using WebDriver after calling quit()?
Build info: version: '3.141.59', revision: 'e82be7d358', time: '2018-11-14T08:17:03'
System info: host: 'DESKTOP-9NAQJ43', ip: '192.168.1.100', os.name: 'Windows 10', os.arch: 'amd64', os.version: '10.0', java.version: '11.0.8'
Driver info: driver.version: RemoteWebDriver
at org.openqa.selenium.remote.HttpCommandExecutor.execute(HttpCommandExecutor.java:125)
at org.openqa.selenium.remote.service.DriverCommandExecutor.execute(DriverCommandExecutor.java:83)
at org.openqa.selenium.remote.RemoteWebDriver.execute(RemoteWebDriver.java:552)
at org.openqa.selenium.remote.RemoteWebDriver.execute(RemoteWebDriver.java:609)
at org.openqa.selenium.remote.RemoteWebDriver.getScreenshotAs(RemoteWebDriver.java:295)
at utilities.BaseUi.snap(BaseUi.java:116)
at tests.ExtentReport.onTestSuccess(ExtentReport.java:58)
at java.base/java.util.ArrayList.forEach(ArrayList.java:1541)
... Removed 24 stack frames]]>
    </failure>
  </testcase> <!-- BrowserTestChrome -->
  <testcase classname="tests.TS_BrowserCompatbility" name="BrowserTestFirefox" time="16.05"/>
  <testcase classname="tests.TS_BrowserCompatbility" name="BrowserTestFirefox" time="16.053">
    <failure type="org.openqa.selenium.NoSuchSessionException" message="Session ID is null. Using WebDriver after calling quit()?
Build info: version: &amp;apos;3.141.59&amp;apos;, revision: &amp;apos;e82be7d358&amp;apos;, time: &amp;apos;2018-11-14T08:17:03&amp;apos;
System info: host: &amp;apos;DESKTOP-9NAQJ43&amp;apos;, ip: &amp;apos;192.168.1.100&amp;apos;, os.name: &amp;apos;Windows 10&amp;apos;, os.arch: &amp;apos;amd64&amp;apos;, os.version: &amp;apos;10.0&amp;apos;, java.version: &amp;apos;11.0.8&amp;apos;
Driver info: driver.version: RemoteWebDriver">
      <![CDATA[org.openqa.selenium.NoSuchSessionException: Session ID is null. Using WebDriver after calling quit()?
Build info: version: '3.141.59', revision: 'e82be7d358', time: '2018-11-14T08:17:03'
System info: host: 'DESKTOP-9NAQJ43', ip: '192.168.1.100', os.name: 'Windows 10', os.arch: 'amd64', os.version: '10.0', java.version: '11.0.8'
Driver info: driver.version: RemoteWebDriver
at org.openqa.selenium.remote.HttpCommandExecutor.execute(HttpCommandExecutor.java:125)
at org.openqa.selenium.remote.service.DriverCommandExecutor.execute(DriverCommandExecutor.java:83)
at org.openqa.selenium.remote.RemoteWebDriver.execute(RemoteWebDriver.java:552)
at org.openqa.selenium.remote.RemoteWebDriver.execute(RemoteWebDriver.java:609)
at org.openqa.selenium.remote.RemoteWebDriver.getScreenshotAs(RemoteWebDriver.java:295)
at utilities.BaseUi.snap(BaseUi.java:116)
at tests.ExtentReport.onTestSuccess(ExtentReport.java:58)
at java.base/java.util.ArrayList.forEach(ArrayList.java:1541)
... Removed 24 stack frames]]>
    </failure>
  </testcase> <!-- BrowserTestFirefox -->
  <testcase classname="tests.TS_CourseSearch" name="TC_SearchTextBox" time="1.08"/>
  <testcase classname="tests.TS_CourseSearch" name="TC_SearchButtonClickable" time="0.753"/>
  <testcase classname="tests.TS_CourseSearch" name="TC_FilterLanguage" time="5.011"/>
  <testcase classname="tests.TS_CourseSearch" name="TC_FilterLevel" time="0.715"/>
  <testcase classname="tests.TS_CourseSearch" name="TC_CourseAvailability" time="0.434"/>
  <testcase classname="tests.TS_CourseSearch" name="TC_CourseDuration" time="8.38"/>
  <testcase classname="tests.TS_Filter" name="languagesDisplayed" time="8.422"/>
  <testcase classname="tests.TS_Filter" name="extractLanguageDetails" time="1.303"/>
  <testcase classname="tests.TS_Filter" name="levelsDisplayed" time="0.085"/>
  <testcase classname="tests.TS_Filter" name="extractLevelsDetails" time="0.12"/>
  <testcase classname="tests.TS_FormFillupValid" name="TC_validData" time="17.669"/>
</testsuite> <!-- IdentifyCourses -->
